<?xml version="1.0" encoding="UTF-8"?>
<testng-results ignored="0" total="2" passed="2" failed="0" skipped="0">
  <reporter-output>
  </reporter-output>
  <suite started-at="2021-06-28T09:50:48Z" name="LinkedIn web-based Test Automation Test Suite" finished-at="2021-06-28T09:51:25Z" duration-ms="37486">
    <groups>
    </groups>
    <test started-at="2021-06-28T09:50:48Z" name="LinkedIn Page - Demo Test Cases" finished-at="2021-06-28T09:51:25Z" duration-ms="37486">
      <class name="qa.testcases.SendMessageTest">
        <test-method is-config="true" signature="setUp()[pri:0, instance:qa.testcases.SendMessageTest@4ec4f3a0]" started-at="2021-06-28T16:50:48Z" name="setUp" finished-at="2021-06-28T16:50:50Z" duration-ms="2727" status="PASS">
          <reporter-output>
          </reporter-output>
        </test-method> <!-- setUp -->
        <test-method signature="sendMessageSuccess()[pri:1, instance:qa.testcases.SendMessageTest@4ec4f3a0]" started-at="2021-06-28T16:50:50Z" name="sendMessageSuccess" finished-at="2021-06-28T16:51:10Z" duration-ms="20108" status="PASS">
          <reporter-output>
          </reporter-output>
        </test-method> <!-- sendMessageSuccess -->
        <test-method is-config="true" signature="tearDown()[pri:0, instance:qa.testcases.SendMessageTest@4ec4f3a0]" started-at="2021-06-28T16:51:10Z" name="tearDown" finished-at="2021-06-28T16:51:11Z" duration-ms="132" status="PASS">
          <reporter-output>
          </reporter-output>
        </test-method> <!-- tearDown -->
      </class> <!-- qa.testcases.SendMessageTest -->
      <class name="qa.testcases.LoginPageTest">
        <test-method is-config="true" signature="setUp()[pri:0, instance:qa.testcases.LoginPageTest@223191a6]" started-at="2021-06-28T16:51:11Z" name="setUp" finished-at="2021-06-28T16:51:13Z" duration-ms="2506" status="PASS">
          <reporter-output>
          </reporter-output>
        </test-method> <!-- setUp -->
        <test-method signature="loginSucess()[pri:1, instance:qa.testcases.LoginPageTest@223191a6]" started-at="2021-06-28T16:51:13Z" name="loginSucess" finished-at="2021-06-28T16:51:25Z" duration-ms="11815" status="PASS">
          <reporter-output>
          </reporter-output>
        </test-method> <!-- loginSucess -->
        <test-method is-config="true" signature="tearDown()[pri:0, instance:qa.testcases.LoginPageTest@223191a6]" started-at="2021-06-28T16:51:25Z" name="tearDown" finished-at="2021-06-28T16:51:25Z" duration-ms="183" status="PASS">
          <reporter-output>
          </reporter-output>
        </test-method> <!-- tearDown -->
      </class> <!-- qa.testcases.LoginPageTest -->
    </test> <!-- LinkedIn Page - Demo Test Cases -->
  </suite> <!-- LinkedIn web-based Test Automation Test Suite -->
</testng-results>
