<?xml version="1.0" encoding="UTF-8"?>
<testsuite xmlns:xsi="http://www.w3.org/2001/XMLSchema-instance" xsi:noNamespaceSchemaLocation="https://maven.apache.org/surefire/maven-surefire-plugin/xsd/surefire-test-report.xsd" name="TestSuite" time="49.292" tests="9" errors="0" skipped="5" failures="1">
  <properties>
[...]
</properties>
  <testcase name="loginTest" classname="qa.testcases.LoginTest" time="21.956"/>
  <testcase name="loginSucess" classname="qa.testcases.LinkedInLoginPageTest" time="8.775"/>
  <testcase name="setUp" classname="qa.testcases.LoginPageTest" time="11.455">
    <failure message="null value in entry: url=null" type="java.lang.NullPointerException">java.lang.NullPointerException: null value in entry: url=null
	at qa.testcases.LoginPageTest.setUp(LoginPageTest.java:23)
</failure>
    <system-out><![CDATA[Before navigating to: 'https://www.linkedin.com/login'
Navigated to:'https://www.linkedin.com/login'
Before navigating to: 'null'
Exception occured: java.lang.NullPointerException: null value in entry: url=null
]]></system-out>
    <system-err><![CDATA[Starting ChromeDriver 91.0.4472.101 (af52a90bf87030dd1523486a1cd3ae25c5d76c9b-refs/branch-heads/4472@{#1462}) on port 32776
Only local connections are allowed.
Please see https://chromedriver.chromium.org/security-considerations for suggestions on keeping ChromeDriver safe.
ChromeDriver was started successfully.
Jun 26, 2021 2:25:30 PM org.openqa.selenium.remote.ProtocolHandshake createSession
INFO: Detected dialect: W3C
]]></system-err>
  </testcase>
  <testcase name="setUp" classname="qa.testcases.LoginPageTest" time="0">
    <skipped/>
  </testcase>
  <testcase name="setUp" classname="qa.testcases.LoginPageTest" time="0">
    <skipped/>
  </testcase>
  <testcase name="loginPageTitleTest" classname="qa.testcases.LoginPageTest" time="0">
    <skipped message="null value in entry: url=null"/>
  </testcase>
  <testcase name="sendMessageSuccess" classname="qa.testcases.SendMessageTest" time="11.018"/>
  <testcase name="crmLogoImageTest" classname="qa.testcases.LoginPageTest" time="0">
    <skipped message="null value in entry: url=null"/>
  </testcase>
  <testcase name="loginTest" classname="qa.testcases.LoginPageTest" time="0">
    <skipped message="null value in entry: url=null"/>
  </testcase>
</testsuite>