<?xml version="1.0" encoding="UTF-8"?>
<testng-results ignored="0" total="1" passed="1" failed="0" skipped="0">
  <reporter-output>
  </reporter-output>
  <suite started-at="2021-06-26T07:21:45Z" name="Default suite" finished-at="2021-06-26T07:22:03Z" duration-ms="18156">
    <groups>
    </groups>
    <test started-at="2021-06-26T07:21:45Z" name="Default test" finished-at="2021-06-26T07:22:03Z" duration-ms="18156">
      <class name="qa.testcases.SendMessageTest">
        <test-method is-config="true" signature="setUp()[pri:0, instance:qa.testcases.SendMessageTest@7d3d101b]" started-at="2021-06-26T14:21:45Z" name="setUp" finished-at="2021-06-26T14:21:50Z" duration-ms="5328" status="PASS">
          <reporter-output>
          </reporter-output>
        </test-method> <!-- setUp -->
        <test-method signature="sendMessageSuccess()[pri:1, instance:qa.testcases.SendMessageTest@7d3d101b]" started-at="2021-06-26T14:21:50Z" name="sendMessageSuccess" finished-at="2021-06-26T14:22:03Z" duration-ms="12815" status="PASS">
          <reporter-output>
          </reporter-output>
        </test-method> <!-- sendMessageSuccess -->
        <test-method is-config="true" signature="tearDown()[pri:0, instance:qa.testcases.SendMessageTest@7d3d101b]" started-at="2021-06-26T14:22:03Z" name="tearDown" finished-at="2021-06-26T14:22:03Z" duration-ms="0" status="PASS">
          <reporter-output>
          </reporter-output>
        </test-method> <!-- tearDown -->
      </class> <!-- qa.testcases.SendMessageTest -->
    </test> <!-- Default test -->
  </suite> <!-- Default suite -->
</testng-results>
